<?xml version="1.0" encoding="UTF-8"?>
<testng-results ignored="0" total="1" passed="1" failed="0" skipped="0">
  <reporter-output>
  </reporter-output>
  <suite started-at="2023-01-19T09:43:13 IST" name="Default suite" finished-at="2023-01-19T09:43:25 IST" duration-ms="11811">
    <groups>
    </groups>
    <test started-at="2023-01-19T09:43:13 IST" name="Default test" finished-at="2023-01-19T09:43:25 IST" duration-ms="11811">
      <class name="Com.Ecommerce.TestCases.Login_TestCase">
        <test-method is-config="true" signature="setup()[pri:0, instance:Com.Ecommerce.TestCases.Login_TestCase@7722c3c3]" started-at="2023-01-19T09:43:13 IST" name="setup" finished-at="2023-01-19T09:43:19 IST" duration-ms="5958" status="PASS">
          <reporter-output>
          </reporter-output>
        </test-method> <!-- setup -->
        <test-method signature="LoginPage()[pri:0, instance:Com.Ecommerce.TestCases.Login_TestCase@7722c3c3]" started-at="2023-01-19T09:43:19 IST" name="LoginPage" finished-at="2023-01-19T09:43:23 IST" duration-ms="4647" status="PASS">
          <reporter-output>
          </reporter-output>
        </test-method> <!-- LoginPage -->
        <test-method is-config="true" signature="TearDown()[pri:0, instance:Com.Ecommerce.TestCases.Login_TestCase@7722c3c3]" started-at="2023-01-19T09:43:23 IST" name="TearDown" finished-at="2023-01-19T09:43:25 IST" duration-ms="1160" status="PASS">
          <reporter-output>
          </reporter-output>
        </test-method> <!-- TearDown -->
      </class> <!-- Com.Ecommerce.TestCases.Login_TestCase -->
    </test> <!-- Default test -->
  </suite> <!-- Default suite -->
</testng-results>
